2015-12-08 23:29:33,947 - INFO - ****************************************
2015-12-08 23:29:33,947 - INFO - Sistema de Ensamblado y Ejecucion (SEE)
2015-12-08 23:29:33,947 - INFO - ****************************************
2015-12-08 23:29:33,947 - INFO - ========================================
2015-12-08 23:29:33,948 - INFO - Inicia la ejecucion del ensamblador
2015-12-08 23:29:33,948 - INFO - ========================================
2015-12-08 23:29:33,948 - INFO - Archivo ASM cargado: raw_file.ASM
2015-12-08 23:29:33,948 - WARNING - Base invalida, se asigno por defecto base: 8
2015-12-08 23:29:34,009 - INFO - Lineas mapeadas y cargadas en lista!
2015-12-08 23:29:34,155 - INFO - Lineas en blanco eliminadas de la lista!
2015-12-08 23:29:34,175 - INFO - Lineas en blanco eliminadas de la lista!
2015-12-08 23:29:34,176 - INFO - Comentarios eliminados de las lineas!
2015-12-08 23:29:34,178 - INFO - Multiples espacios en blanco eliminados!
2015-12-08 23:29:34,178 - INFO - Inicia el analisis del init!
2015-12-08 23:29:34,195 - INFO - Linea con Puntero de Posicion: 
2015-12-08 23:29:34,196 - INFO - 9 | * = @0000
2015-12-08 23:29:34,196 - WARNING - Alerta: Linea de flujo principal!
2015-12-08 23:29:34,197 - WARNING - 10 | BIN LDA #%000001
2015-12-08 23:29:34,198 - WARNING - Alerta: Linea de flujo principal!
2015-12-08 23:29:34,198 - WARNING - 11 | OCT LDA #@02
2015-12-08 23:29:34,198 - WARNING - Alerta: Linea de flujo principal!
2015-12-08 23:29:34,199 - WARNING - 12 | HEX LDA #$03
2015-12-08 23:29:34,200 - WARNING - Alerta: Linea de flujo principal!
2015-12-08 23:29:34,200 - WARNING - 13 | DEC LDA #4
2015-12-08 23:29:34,200 - WARNING - Alerta: Linea de flujo principal!
2015-12-08 23:29:34,201 - WARNING - 14 | HLT
2015-12-08 23:29:34,201 - INFO - Constantes extraidas (En decimal): {}
2015-12-08 23:29:34,202 - INFO - Finaliza el analisis del init!
2015-12-08 23:29:34,202 - INFO - Etapa de init sin errores: 0
2015-12-08 23:29:34,206 - INFO - ========================================
2015-12-08 23:29:34,206 - INFO - Inicia el analisis de etiquetas!
2015-12-08 23:29:34,207 - INFO - ========================================
2015-12-08 23:29:34,208 - INFO - Lista de lineas por analizar:
2015-12-08 23:29:34,208 - INFO - ========================================
2015-12-08 23:29:34,208 - INFO - 10 BIN LDA #%000001
2015-12-08 23:29:34,209 - INFO - 11 OCT LDA #@02
2015-12-08 23:29:34,209 - INFO - 12 HEX LDA #$03
2015-12-08 23:29:34,210 - INFO - 13 DEC LDA #4
2015-12-08 23:29:34,210 - INFO - 14 HLT
2015-12-08 23:29:34,210 - INFO - ========================================
2015-12-08 23:29:34,316 - INFO - ****************************************
2015-12-08 23:29:34,316 - INFO - Linea en analisis: 10 BIN LDA #%000001
2015-12-08 23:29:34,317 - INFO - Es una linea con etiqueta + inst + argumento
2015-12-08 23:29:34,317 - INFO - Instruccion de direccionamiento: inm
2015-12-08 23:29:34,317 - INFO - Argumento extraido: %000001
2015-12-08 23:29:34,317 - INFO - Pasada #: 0
2015-12-08 23:29:34,318 - INFO - Etiqueta extraida: BIN
2015-12-08 23:29:34,318 - INFO - Etiqueta ingresada al diccionario: {'BIN': 0}
2015-12-08 23:29:34,319 - INFO - Linea con argumentos numericos: %000001
2015-12-08 23:29:34,319 - INFO - ****************************************
2015-12-08 23:29:34,319 - INFO - Linea en analisis: 11 OCT LDA #@02
2015-12-08 23:29:34,320 - INFO - Es una linea con etiqueta + inst + argumento
2015-12-08 23:29:34,320 - INFO - Instruccion de direccionamiento: inm
2015-12-08 23:29:34,320 - INFO - Argumento extraido: @02
2015-12-08 23:29:34,321 - INFO - Pasada #: 0
2015-12-08 23:29:34,321 - INFO - Etiqueta extraida: OCT
2015-12-08 23:29:34,321 - INFO - Etiqueta ingresada al diccionario: {'OCT': 2, 'BIN': 0}
2015-12-08 23:29:34,321 - INFO - Linea con argumentos numericos: @02
2015-12-08 23:29:34,322 - INFO - ****************************************
2015-12-08 23:29:34,322 - INFO - Linea en analisis: 12 HEX LDA #$03
2015-12-08 23:29:34,322 - INFO - Es una linea con etiqueta + inst + argumento
2015-12-08 23:29:34,322 - INFO - Instruccion de direccionamiento: inm
2015-12-08 23:29:34,322 - INFO - Argumento extraido: $03
2015-12-08 23:29:34,323 - INFO - Pasada #: 0
2015-12-08 23:29:34,323 - INFO - Etiqueta extraida: HEX
2015-12-08 23:29:34,324 - INFO - Etiqueta ingresada al diccionario: {'OCT': 2, 'BIN': 0, 'HEX': 4}
2015-12-08 23:29:34,324 - INFO - Linea con argumentos numericos: $03
2015-12-08 23:29:34,324 - INFO - ****************************************
2015-12-08 23:29:34,324 - INFO - Linea en analisis: 13 DEC LDA #4
2015-12-08 23:29:34,325 - INFO - Es una linea con etiqueta + inst + argumento
2015-12-08 23:29:34,325 - INFO - Instruccion de direccionamiento: inm
2015-12-08 23:29:34,325 - INFO - Argumento extraido: 4
2015-12-08 23:29:34,325 - INFO - Pasada #: 0
2015-12-08 23:29:34,325 - INFO - Etiqueta extraida: DEC
2015-12-08 23:29:34,325 - INFO - Etiqueta ingresada al diccionario: {'DEC': 6, 'OCT': 2, 'BIN': 0, 'HEX': 4}
2015-12-08 23:29:34,326 - INFO - Linea con argumentos numericos: 4
2015-12-08 23:29:34,327 - INFO - ****************************************
2015-12-08 23:29:34,327 - INFO - Linea en analisis: 14 HLT
2015-12-08 23:29:34,327 - INFO - Es una linea con inst + argumento
2015-12-08 23:29:34,327 - INFO - Instruccion de direccionamiento: ctrl
2015-12-08 23:29:34,328 - INFO - Pasada #: 0
2015-12-08 23:29:34,328 - INFO - ****************************************
2015-12-08 23:29:34,328 - INFO - Linea en analisis: 10 BIN LDA #%000001
2015-12-08 23:29:34,328 - INFO - Es una linea con etiqueta + inst + argumento
2015-12-08 23:29:34,328 - INFO - Instruccion de direccionamiento: inm
2015-12-08 23:29:34,329 - INFO - Argumento extraido: %000001
2015-12-08 23:29:34,329 - INFO - Pasada #: 1
2015-12-08 23:29:34,330 - INFO - Instruccion procesada: 10 LDA #%000001
2015-12-08 23:29:34,330 - INFO - ****************************************
2015-12-08 23:29:34,330 - INFO - Linea en analisis: 11 OCT LDA #@02
2015-12-08 23:29:34,331 - INFO - Es una linea con etiqueta + inst + argumento
2015-12-08 23:29:34,332 - INFO - Instruccion de direccionamiento: inm
2015-12-08 23:29:34,332 - INFO - Argumento extraido: @02
2015-12-08 23:29:34,332 - INFO - Pasada #: 1
2015-12-08 23:29:34,333 - INFO - Instruccion procesada: 11 LDA #@02
2015-12-08 23:29:34,333 - INFO - ****************************************
2015-12-08 23:29:34,333 - INFO - Linea en analisis: 12 HEX LDA #$03
2015-12-08 23:29:34,333 - INFO - Es una linea con etiqueta + inst + argumento
2015-12-08 23:29:34,334 - INFO - Instruccion de direccionamiento: inm
2015-12-08 23:29:34,334 - INFO - Argumento extraido: $03
2015-12-08 23:29:34,335 - INFO - Pasada #: 1
2015-12-08 23:29:34,335 - INFO - Instruccion procesada: 12 LDA #$03
2015-12-08 23:29:34,335 - INFO - ****************************************
2015-12-08 23:29:34,336 - INFO - Linea en analisis: 13 DEC LDA #4
2015-12-08 23:29:34,336 - INFO - Es una linea con etiqueta + inst + argumento
2015-12-08 23:29:34,336 - INFO - Instruccion de direccionamiento: inm
2015-12-08 23:29:34,336 - INFO - Argumento extraido: 4
2015-12-08 23:29:34,337 - INFO - Pasada #: 1
2015-12-08 23:29:34,338 - INFO - Instruccion procesada: 13 LDA #4
2015-12-08 23:29:34,338 - INFO - ****************************************
2015-12-08 23:29:34,338 - INFO - Linea en analisis: 14 HLT
2015-12-08 23:29:34,339 - INFO - Es una linea con inst + argumento
2015-12-08 23:29:34,339 - INFO - Instruccion de direccionamiento: ctrl
2015-12-08 23:29:34,339 - INFO - Pasada #: 1
2015-12-08 23:29:34,339 - INFO - ****************************************
2015-12-08 23:29:34,339 - INFO - Diccionario de identificadores extraidos: {'DEC': 6, 'OCT': 2, 'BIN': 0, 'HEX': 4}
2015-12-08 23:29:34,339 - INFO - Inicia Etapa de instrucciones!
2015-12-08 23:29:34,340 - INFO - ========================================
2015-12-08 23:29:34,340 - INFO - Inicia el analisis de instrucciones!
2015-12-08 23:29:34,341 - INFO - ========================================
2015-12-08 23:29:34,341 - INFO - Lista de lineas por analizar:
2015-12-08 23:29:34,341 - INFO - ========================================
2015-12-08 23:29:34,341 - INFO - 10 LDA #%000001
2015-12-08 23:29:34,341 - INFO - 11 LDA #@02
2015-12-08 23:29:34,342 - INFO - 12 LDA #$03
2015-12-08 23:29:34,343 - INFO - 13 LDA #4
2015-12-08 23:29:34,343 - INFO - 14 HLT
2015-12-08 23:29:34,343 - INFO - ========================================
2015-12-08 23:29:34,345 - INFO - ****************************************
2015-12-08 23:29:34,346 - INFO - Linea en analisis: 10 LDA #%000001
2015-12-08 23:29:34,346 - INFO - Es una linea con inst + argumento
2015-12-08 23:29:34,346 - INFO - Instruccion de direccionamiento: inm
2015-12-08 23:29:34,346 - INFO - OPCODE: 000000
2015-12-08 23:29:34,347 - INFO - Operando: XXXXXX000001
2015-12-08 23:29:34,348 - INFO - Instruccion ensamblada: 0 000000 XXXXXX000001
2015-12-08 23:29:34,348 - INFO - ****************************************
2015-12-08 23:29:34,348 - INFO - Linea en analisis: 11 LDA #@02
2015-12-08 23:29:34,348 - INFO - Es una linea con inst + argumento
2015-12-08 23:29:34,349 - INFO - Instruccion de direccionamiento: inm
2015-12-08 23:29:34,349 - INFO - OPCODE: 000000
2015-12-08 23:29:34,349 - INFO - Operando: XXXXXX000010
2015-12-08 23:29:34,349 - INFO - Instruccion ensamblada: 2 000000 XXXXXX000010
2015-12-08 23:29:34,350 - INFO - ****************************************
2015-12-08 23:29:34,350 - INFO - Linea en analisis: 12 LDA #$03
2015-12-08 23:29:34,351 - INFO - Es una linea con inst + argumento
2015-12-08 23:29:34,351 - INFO - Instruccion de direccionamiento: inm
2015-12-08 23:29:34,351 - INFO - OPCODE: 000000
2015-12-08 23:29:34,351 - INFO - Operando: XXXXXX000011
2015-12-08 23:29:34,351 - INFO - Instruccion ensamblada: 4 000000 XXXXXX000011
2015-12-08 23:29:34,352 - INFO - ****************************************
2015-12-08 23:29:34,352 - INFO - Linea en analisis: 13 LDA #4
2015-12-08 23:29:34,352 - INFO - Es una linea con inst + argumento
2015-12-08 23:29:34,353 - INFO - Instruccion de direccionamiento: inm
2015-12-08 23:29:34,353 - INFO - OPCODE: 000000
2015-12-08 23:29:34,353 - INFO - Operando: XXXXXX000100
2015-12-08 23:29:34,354 - INFO - Instruccion ensamblada: 6 000000 XXXXXX000100
2015-12-08 23:29:34,354 - INFO - ****************************************
2015-12-08 23:29:34,354 - INFO - Linea en analisis: 14 HLT
2015-12-08 23:29:34,354 - INFO - Es una linea con inst + argumento
2015-12-08 23:29:34,355 - INFO - Instruccion de direccionamiento: ctrl
2015-12-08 23:29:34,356 - INFO - OPCODE: 100110
2015-12-08 23:29:34,356 - INFO - Instruccion ensamblada: 8 100110 XXXXXXXXXXXX
2015-12-08 23:29:34,356 - INFO - ****************************************
2015-12-08 23:29:34,357 - INFO - Etapa de instruc sin errores: 0
2015-12-08 23:29:34,371 - INFO - ========================================
2015-12-08 23:29:34,372 - INFO - ########################################
2015-12-08 23:29:34,376 - INFO - ========================================
2015-12-08 23:29:34,376 - INFO - Contenido de memoria del programa objeto
2015-12-08 23:29:34,377 - INFO - ========================================
2015-12-08 23:29:34,377 - INFO - Programa objeto escrito en el archivo: ../clion/ram_init.txt
2015-12-08 23:29:34,377 - INFO - ========================================
2015-12-08 23:29:34,377 - INFO - Base numerica de contenido de memoria: 8
2015-12-08 23:29:34,377 - INFO - ========================================
2015-12-08 23:29:34,377 - INFO - |[Address]||[Data]|
2015-12-08 23:29:34,378 - INFO - |[@0000]|=====|[@00]|
2015-12-08 23:29:34,378 - INFO - |[@0001]|=====|[@01]|
2015-12-08 23:29:34,378 - INFO - |[@0002]|=====|[@00]|
2015-12-08 23:29:34,378 - INFO - |[@0003]|=====|[@02]|
2015-12-08 23:29:34,378 - INFO - |[@0004]|=====|[@00]|
2015-12-08 23:29:34,378 - INFO - |[@0005]|=====|[@03]|
2015-12-08 23:29:34,379 - INFO - |[@0006]|=====|[@00]|
2015-12-08 23:29:34,379 - INFO - |[@0007]|=====|[@04]|
2015-12-08 23:29:34,379 - INFO - |[@0010]|=====|[@46]|
2015-12-08 23:29:34,379 - INFO - ========================================
2015-12-08 23:29:34,379 - INFO - ########################################
2015-12-08 23:29:34,379 - INFO - ========================================
2015-12-08 23:29:34,380 - INFO - Fin de la ejecucion de SEE!
2015-12-08 23:29:34,380 - INFO - ========================================
2015-12-08 23:29:34,380 - INFO - ****************************************
